[debug] [2026-03-30T18:30:27.729Z] ----------------------------------------------------------------------
[debug] [2026-03-30T18:30:27.731Z] Command:       C:\Program Files\nodejs\node.exe D:\Projects\AI Projects\notes\node_modules\firebase-tools\lib\bin\firebase.js deploy
[debug] [2026-03-30T18:30:27.731Z] CLI Version:   15.12.0
[debug] [2026-03-30T18:30:27.732Z] Platform:      win32
[debug] [2026-03-30T18:30:27.732Z] Node Version:  v24.14.0
[debug] [2026-03-30T18:30:27.732Z] Time:          Tue Mar 31 2026 00:00:27 GMT+0530 (India Standard Time)
[debug] [2026-03-30T18:30:27.732Z] ----------------------------------------------------------------------
[debug] 
[debug] [2026-03-30T18:30:30.651Z] > command requires scopes: ["email","openid","https://www.googleapis.com/auth/cloudplatformprojects.readonly","https://www.googleapis.com/auth/firebase","https://www.googleapis.com/auth/cloud-platform"]
[debug] [2026-03-30T18:30:30.651Z] > authorizing via signed-in user (tusharsoni.webdev@gmail.com)
[debug] [2026-03-30T18:30:30.652Z] [iam] checking project notes-7f730 for permissions ["datastore.indexes.create","datastore.indexes.delete","datastore.indexes.list","datastore.indexes.update","firebase.projects.get","firebasehosting.sites.update"]
[debug] [2026-03-30T18:30:30.653Z] Checked if tokens are valid: true, expires at: 1774896473349
[debug] [2026-03-30T18:30:30.653Z] Checked if tokens are valid: true, expires at: 1774896473349
[debug] [2026-03-30T18:30:30.654Z] >>> [apiv2][query] POST https://cloudresourcemanager.googleapis.com/v1/projects/notes-7f730:testIamPermissions [none]
[debug] [2026-03-30T18:30:30.654Z] >>> [apiv2][(partial)header] POST https://cloudresourcemanager.googleapis.com/v1/projects/notes-7f730:testIamPermissions  x-goog-user-project=notes-7f730
[debug] [2026-03-30T18:30:30.654Z] >>> [apiv2][body] POST https://cloudresourcemanager.googleapis.com/v1/projects/notes-7f730:testIamPermissions {"permissions":["datastore.indexes.create","datastore.indexes.delete","datastore.indexes.list","datastore.indexes.update","firebase.projects.get","firebasehosting.sites.update"]}
[debug] [2026-03-30T18:30:32.193Z] <<< [apiv2][status] POST https://cloudresourcemanager.googleapis.com/v1/projects/notes-7f730:testIamPermissions 200
[debug] [2026-03-30T18:30:32.193Z] <<< [apiv2][body] POST https://cloudresourcemanager.googleapis.com/v1/projects/notes-7f730:testIamPermissions {"permissions":["datastore.indexes.create","datastore.indexes.delete","datastore.indexes.list","datastore.indexes.update","firebase.projects.get","firebasehosting.sites.update"]}
[debug] [2026-03-30T18:30:32.194Z] Checked if tokens are valid: true, expires at: 1774896473349
[debug] [2026-03-30T18:30:32.194Z] Checked if tokens are valid: true, expires at: 1774896473349
[debug] [2026-03-30T18:30:32.195Z] >>> [apiv2][query] GET https://firebase.googleapis.com/v1beta1/projects/notes-7f730 [none]
[debug] [2026-03-30T18:30:32.693Z] <<< [apiv2][status] GET https://firebase.googleapis.com/v1beta1/projects/notes-7f730 200
[debug] [2026-03-30T18:30:32.693Z] <<< [apiv2][body] GET https://firebase.googleapis.com/v1beta1/projects/notes-7f730 {"projectId":"notes-7f730","projectNumber":"182440499371","displayName":"notes","name":"projects/notes-7f730","resources":{"hostingSite":"notes-7f730"},"state":"ACTIVE","etag":"1_b1a2e94f-5287-42b4-862c-29c4a9e3e2d1"}
[debug] [2026-03-30T18:30:38.097Z] defaultcredentials: writing to file C:\Users\ASUS\AppData\Roaming\firebase\tusharsoni_webdev_gmail.com_application_default_credentials.json
[debug] [2026-03-30T18:30:38.099Z] Checked if tokens are valid: true, expires at: 1774896473349
[debug] [2026-03-30T18:30:38.100Z] Checked if tokens are valid: true, expires at: 1774896473349
[debug] [2026-03-30T18:30:38.100Z] >>> [apiv2][query] GET https://firebasehosting.googleapis.com/v1beta1/projects/notes-7f730/sites pageToken=&pageSize=10
[debug] [2026-03-30T18:30:39.352Z] <<< [apiv2][status] GET https://firebasehosting.googleapis.com/v1beta1/projects/notes-7f730/sites 200
[debug] [2026-03-30T18:30:39.352Z] <<< [apiv2][body] GET https://firebasehosting.googleapis.com/v1beta1/projects/notes-7f730/sites {"sites":[{"name":"projects/notes-7f730/sites/notes-7f730","defaultUrl":"https://notes-7f730.web.app","appId":"1:182440499371:web:e1cfce970e604e24507fee","type":"DEFAULT_SITE"}]}
[debug] [2026-03-30T18:30:39.353Z] Checked if tokens are valid: true, expires at: 1774896473349
[debug] [2026-03-30T18:30:39.353Z] Checked if tokens are valid: true, expires at: 1774896473349
[debug] [2026-03-30T18:30:39.353Z] >>> [apiv2][query] GET https://firebase.googleapis.com/v1beta1/projects/-/webApps/1:182440499371:web:e1cfce970e604e24507fee/config [none]
[debug] [2026-03-30T18:30:40.753Z] <<< [apiv2][status] GET https://firebase.googleapis.com/v1beta1/projects/-/webApps/1:182440499371:web:e1cfce970e604e24507fee/config 200
[debug] [2026-03-30T18:30:40.753Z] <<< [apiv2][body] GET https://firebase.googleapis.com/v1beta1/projects/-/webApps/1:182440499371:web:e1cfce970e604e24507fee/config {"projectId":"notes-7f730","appId":"1:182440499371:web:e1cfce970e604e24507fee","storageBucket":"notes-7f730.firebasestorage.app","apiKey":"AIzaSyC5IEdOlGLeERkUvxWrUh5VKZJGrbzNuqg","authDomain":"notes-7f730.firebaseapp.com","messagingSenderId":"182440499371","measurementId":"G-DZDJ18W770","projectNumber":"182440499371","version":"2"}
[info] 
   Thank you for trying our early preview of Next.js support on Firebase Hosting.
   During the preview, support is best-effort and breaking changes can be expected. Proceed with caution.
   The integration is known to work with Next.js version 12 - 15.0. You may encounter errors.

   Documentation: https://firebase.google.com/docs/hosting/frameworks/nextjs
   File a bug: https://github.com/firebase/firebase-tools/issues/new?template=bug_report.md
   Submit a feature request: https://github.com/firebase/firebase-tools/issues/new?template=feature_request.md

   We'd love to learn from you. Express your interest in helping us shape the future of Firebase Hosting: https://goo.gle/41enW5X

[debug] [2026-03-30T18:30:54.632Z] Checked if tokens are valid: true, expires at: 1774896473349
[debug] [2026-03-30T18:30:54.632Z] Checked if tokens are valid: true, expires at: 1774896473349
[debug] [2026-03-30T18:30:54.633Z] >>> [apiv2][query] GET https://firebasehosting.googleapis.com/v1beta1/projects/notes-7f730/sites/notes-7f730 [none]
[debug] [2026-03-30T18:30:55.702Z] <<< [apiv2][status] GET https://firebasehosting.googleapis.com/v1beta1/projects/notes-7f730/sites/notes-7f730 200
[debug] [2026-03-30T18:30:55.703Z] <<< [apiv2][body] GET https://firebasehosting.googleapis.com/v1beta1/projects/notes-7f730/sites/notes-7f730 {"name":"projects/notes-7f730/sites/notes-7f730","defaultUrl":"https://notes-7f730.web.app","appId":"1:182440499371:web:e1cfce970e604e24507fee","type":"DEFAULT_SITE"}
[info] ▲ Next.js 16.2.1 (Turbopack)

[info] - Environments: .env.local


[info]   Creating an optimized production build ...

[info] ✓ Compiled successfully in 31.9s

[info]   Running TypeScript ...

[info]   Finished TypeScript in 18.0s ...

[info]   Collecting page data using 3 workers ...

[info] Firebase Admin initialized successfully

[info]   Generating static pages using 3 workers (0/9) ...

[info] Firebase Admin initialized successfully

[info]   Generating static pages using 3 workers (2/9) 

[info]   Generating static pages using 3 workers (4/9) 

[info]   Generating static pages using 3 workers (6/9) 

[info] ✓ Generating static pages using 3 workers (9/9) in 905ms

[info]   Finalizing page optimization ...

[info] 

[info] Route (app)
┌ ○ /
├ ○ /_not-found
├ ƒ /api/cron/srs-reminders
├ ○ /app
├ ƒ /app/[id]
├ ○ /hall-of-fame
├ ○ /profile
└ ○ /srs


[info] 
○  (Static)   prerendered as static content
ƒ  (Dynamic)  server-rendered on demand


[info] Building a Cloud Function to run this application. This is needed due to:
[info]  • non-static component /(dashboard)/app/[id]/page
[info]  • non-static component /api/cron/srs-reminders/route
[info] 
[debug] [2026-03-30T18:32:03.261Z] Checked if tokens are valid: true, expires at: 1774896473349
[debug] [2026-03-30T18:32:03.261Z] Checked if tokens are valid: true, expires at: 1774896473349
[debug] [2026-03-30T18:32:03.262Z] >>> [apiv2][query] GET https://firebasehosting.googleapis.com/v1beta1/projects/notes-7f730/sites/notes-7f730 [none]
[debug] [2026-03-30T18:32:04.418Z] <<< [apiv2][status] GET https://firebasehosting.googleapis.com/v1beta1/projects/notes-7f730/sites/notes-7f730 200
[debug] [2026-03-30T18:32:04.418Z] <<< [apiv2][body] GET https://firebasehosting.googleapis.com/v1beta1/projects/notes-7f730/sites/notes-7f730 {"name":"projects/notes-7f730/sites/notes-7f730","defaultUrl":"https://notes-7f730.web.app","appId":"1:182440499371:web:e1cfce970e604e24507fee","type":"DEFAULT_SITE"}
[debug] [2026-03-30T18:32:16.546Z] [web frameworks] effective firebase.json:  {
  "hosting": [
    {
      "source": ".",
      "ignore": [
        ".firebase/**",
        "**/.*",
        "**/node_modules/**"
      ],
      "frameworksBackend": {
        "region": "us-central1"
      },
      "site": "notes-7f730",
      "rewrites": [
        {
          "source": "**",
          "function": {
            "functionId": "ssrnotes7f730",
            "region": "us-central1",
            "pinTag": true
          }
        }
      ],
      "redirects": [],
      "headers": [
        {
          "source": "/_global-error",
          "headers": [
            {
              "key": "x-nextjs-stale-time",
              "value": "300"
            },
            {
              "key": "x-nextjs-prerender",
              "value": "1"
            },
            {
              "key": "x-next-cache-tags",
              "value": "_N_T_/layout,_N_T_/_global-error/layout,_N_T_/_global-error/page,_N_T_/_global-error"
            }
          ]
        },
        {
          "source": "/_not-found",
          "headers": [
            {
              "key": "x-nextjs-stale-time",
              "value": "300"
            },
            {
              "key": "x-nextjs-prerender",
              "value": "1"
            },
            {
              "key": "x-next-cache-tags",
              "value": "_N_T_/layout,_N_T_/_not-found/layout,_N_T_/_not-found/page,_N_T_/_not-found"
            }
          ]
        },
        {
          "source": "/favicon.ico",
          "headers": [
            {
              "key": "cache-control",
              "value": "public, max-age=0, must-revalidate"
            },
            {
              "key": "content-type",
              "value": "image/x-icon"
            },
            {
              "key": "x-next-cache-tags",
              "value": "_N_T_/layout,_N_T_/favicon.ico/layout,_N_T_/favicon.ico/route,_N_T_/favicon.ico"
            }
          ]
        },
        {
          "source": "**/*.[jt]s",
          "headers": [
            {
              "key": "Set-Cookie",
              "value": "__FIREBASE_DEFAULTS__=eyJjb25maWciOnsicHJvamVjdElkIjoibm90ZXMtN2Y3MzAiLCJhcHBJZCI6IjE6MTgyNDQwNDk5MzcxOndlYjplMWNmY2U5NzBlNjA0ZTI0NTA3ZmVlIiwic3RvcmFnZUJ1Y2tldCI6Im5vdGVzLTdmNzMwLmZpcmViYXNlc3RvcmFnZS5hcHAiLCJhcGlLZXkiOiJBSXphU3lDNUlFZE9sR0xlRVJrVXZ4V3JVaDVWS1pKR3Jiek51cWciLCJhdXRoRG9tYWluIjoibm90ZXMtN2Y3MzAuZmlyZWJhc2VhcHAuY29tIiwibWVzc2FnaW5nU2VuZGVySWQiOiIxODI0NDA0OTkzNzEiLCJtZWFzdXJlbWVudElkIjoiRy1EWkRKMThXNzcwIiwicHJvamVjdE51bWJlciI6IjE4MjQ0MDQ5OTM3MSIsInZlcnNpb24iOiIyIn0sIl9hdXRoVG9rZW5TeW5jVVJMIjoiL19fc2Vzc2lvbiJ9; SameSite=Strict; Expires=2028-02-23T05:12:16.546Z; Path=/;"
            }
          ]
        }
      ],
      "cleanUrls": true,
      "trailingSlash": false,
      "public": ".firebase\\notes-7f730\\hosting",
      "webFramework": "next_ssr"
    }
  ],
  "functions": [
    {
      "source": ".firebase\\notes-7f730\\functions",
      "codebase": "firebase-frameworks-notes-7f730"
    }
  ]
}
[debug] [2026-03-30T18:32:16.547Z] > command requires scopes: ["email","openid","https://www.googleapis.com/auth/cloudplatformprojects.readonly","https://www.googleapis.com/auth/firebase","https://www.googleapis.com/auth/cloud-platform"]
[debug] [2026-03-30T18:32:16.548Z] > authorizing via signed-in user (tusharsoni.webdev@gmail.com)
[debug] [2026-03-30T18:32:16.548Z] [iam] checking project notes-7f730 for permissions ["cloudfunctions.functions.create","cloudfunctions.functions.delete","cloudfunctions.functions.get","cloudfunctions.functions.list","cloudfunctions.functions.update","cloudfunctions.operations.get","firebase.projects.get"]
[debug] [2026-03-30T18:32:16.548Z] Checked if tokens are valid: true, expires at: 1774896473349
[debug] [2026-03-30T18:32:16.548Z] Checked if tokens are valid: true, expires at: 1774896473349
[debug] [2026-03-30T18:32:16.548Z] >>> [apiv2][query] POST https://cloudresourcemanager.googleapis.com/v1/projects/notes-7f730:testIamPermissions [none]
[debug] [2026-03-30T18:32:16.548Z] >>> [apiv2][(partial)header] POST https://cloudresourcemanager.googleapis.com/v1/projects/notes-7f730:testIamPermissions  x-goog-user-project=notes-7f730
[debug] [2026-03-30T18:32:16.548Z] >>> [apiv2][body] POST https://cloudresourcemanager.googleapis.com/v1/projects/notes-7f730:testIamPermissions {"permissions":["cloudfunctions.functions.create","cloudfunctions.functions.delete","cloudfunctions.functions.get","cloudfunctions.functions.list","cloudfunctions.functions.update","cloudfunctions.operations.get","firebase.projects.get"]}
[debug] [2026-03-30T18:32:18.064Z] <<< [apiv2][status] POST https://cloudresourcemanager.googleapis.com/v1/projects/notes-7f730:testIamPermissions 200
[debug] [2026-03-30T18:32:18.064Z] <<< [apiv2][body] POST https://cloudresourcemanager.googleapis.com/v1/projects/notes-7f730:testIamPermissions {"permissions":["cloudfunctions.functions.create","cloudfunctions.functions.delete","cloudfunctions.functions.get","cloudfunctions.functions.list","cloudfunctions.functions.update","cloudfunctions.operations.get","firebase.projects.get"]}
[info] 
[info] === Deploying to 'notes-7f730'...
[info] 
[info] i  deploying functions, firestore, hosting 
[debug] [2026-03-30T18:32:18.069Z] Checked if tokens are valid: true, expires at: 1774896473349
[debug] [2026-03-30T18:32:18.070Z] Checked if tokens are valid: true, expires at: 1774896473349
[debug] [2026-03-30T18:32:18.070Z] >>> [apiv2][query] GET https://cloudresourcemanager.googleapis.com/v1/projects/notes-7f730 [none]
[debug] [2026-03-30T18:32:18.481Z] <<< [apiv2][status] GET https://cloudresourcemanager.googleapis.com/v1/projects/notes-7f730 200
[debug] [2026-03-30T18:32:18.481Z] <<< [apiv2][body] GET https://cloudresourcemanager.googleapis.com/v1/projects/notes-7f730 {"projectNumber":"182440499371","projectId":"notes-7f730","lifecycleState":"ACTIVE","name":"notes","labels":{"firebase":"enabled","firebase-core":"disabled"},"createTime":"2026-03-24T10:51:52.466Z"}
[info] i  functions: preparing codebase firebase-frameworks-notes-7f730 for deployment 
[info] i  functions: ensuring required API cloudfunctions.googleapis.com is enabled... 
[info] i  functions: ensuring required API cloudbuild.googleapis.com is enabled... 
[info] i  artifactregistry: ensuring required API artifactregistry.googleapis.com is enabled... 
[debug] [2026-03-30T18:32:18.490Z] Checked if tokens are valid: true, expires at: 1774896473349
[debug] [2026-03-30T18:32:18.491Z] Checked if tokens are valid: true, expires at: 1774896473349
[debug] [2026-03-30T18:32:18.491Z] >>> [apiv2][query] GET https://firebase.googleapis.com/v1beta1/projects/notes-7f730/adminSdkConfig [none]
[debug] [2026-03-30T18:32:19.492Z] <<< [apiv2][status] GET https://firebase.googleapis.com/v1beta1/projects/notes-7f730/adminSdkConfig 200
[debug] [2026-03-30T18:32:19.493Z] <<< [apiv2][body] GET https://firebase.googleapis.com/v1beta1/projects/notes-7f730/adminSdkConfig {"projectId":"notes-7f730","storageBucket":"notes-7f730.firebasestorage.app"}
[debug] [2026-03-30T18:32:19.495Z] Checked if tokens are valid: true, expires at: 1774896473349
[debug] [2026-03-30T18:32:19.495Z] Checked if tokens are valid: true, expires at: 1774896473349
[debug] [2026-03-30T18:32:19.496Z] >>> [apiv2][query] GET https://runtimeconfig.googleapis.com/v1beta1/projects/notes-7f730/configs [none]
[debug] [2026-03-30T18:32:20.204Z] <<< [apiv2][status] GET https://runtimeconfig.googleapis.com/v1beta1/projects/notes-7f730/configs 200
[debug] [2026-03-30T18:32:20.205Z] <<< [apiv2][body] GET https://runtimeconfig.googleapis.com/v1beta1/projects/notes-7f730/configs {}
[debug] [2026-03-30T18:32:20.209Z] Validating nodejs source
[warn] !  functions: package.json indicates an outdated version of firebase-functions. Please upgrade using npm install --save firebase-functions@latest in your functions directory. 
[warn] !  functions: Please note that there will be breaking changes when you upgrade. 
[debug] [2026-03-30T18:32:21.769Z] > [functions] package.json contents: {
  "name": "streakly",
  "version": "0.1.0",
  "private": true,
  "dependencies": {
    "@radix-ui/react-switch": "^1.2.6",
    "@react-email/components": "^1.0.10",
    "@tiptap/extension-placeholder": "^3.20.4",
    "@tiptap/pm": "^3.20.4",
    "@tiptap/react": "^3.20.4",
    "@tiptap/starter-kit": "^3.20.4",
    "clsx": "^2.1.1",
    "date-fns": "^4.1.0",
    "firebase": "^12.11.0",
    "firebase-admin": "^13.7.0",
    "firebase-tools": "^15.12.0",
    "framer-motion": "^12.38.0",
    "lucide-react": "^1.0.1",
    "motion": "^12.38.0",
    "next": "16.2.1",
    "next-themes": "^0.4.6",
    "react": "19.2.4",
    "react-dom": "19.2.4",
    "react-email": "^5.2.10",
    "resend": "^6.9.4",
    "tailwind-merge": "^3.5.0",
    "firebase-frameworks": "^0.11.0",
    "firebase-functions": "^6.0.1"
  },
  "main": "server.js",
  "engines": {
    "node": "24"
  }
}
[debug] [2026-03-30T18:32:21.770Z] Building nodejs source
[info] i  functions: Loading and analyzing source code for codebase firebase-frameworks-notes-7f730 to determine what to deploy 
[debug] [2026-03-30T18:32:21.774Z] Could not find functions.yaml. Must use http discovery
[debug] [2026-03-30T18:32:21.814Z] Found firebase-functions binary at 'D:\Projects\AI Projects\notes\.firebase\notes-7f730\functions\node_modules\.bin\firebase-functions'
[info] Serving at port 8803

[debug] [2026-03-30T18:32:23.293Z] Got response from /__/functions.yaml {"endpoints":{"ssrnotes7f730":{"availableMemoryMb":null,"timeoutSeconds":null,"minInstances":null,"maxInstances":null,"ingressSettings":null,"concurrency":null,"serviceAccountEmail":null,"vpc":null,"platform":"gcfv2","region":["us-central1"],"labels":{},"httpsTrigger":{},"entryPoint":"ssrnotes7f730"}},"specVersion":"v1alpha1","requiredAPIs":[],"extensions":{}}
[info] i  extensions: ensuring required API firebaseextensions.googleapis.com is enabled... 
[debug] [2026-03-30T18:32:27.396Z] > command requires scopes: ["email","openid","https://www.googleapis.com/auth/cloudplatformprojects.readonly","https://www.googleapis.com/auth/firebase","https://www.googleapis.com/auth/cloud-platform"]
[debug] [2026-03-30T18:32:27.397Z] > authorizing via signed-in user (tusharsoni.webdev@gmail.com)
[debug] [2026-03-30T18:32:27.397Z] [iam] checking project notes-7f730 for permissions ["firebase.projects.get","firebaseextensions.instances.list"]
[debug] [2026-03-30T18:32:27.397Z] Checked if tokens are valid: true, expires at: 1774896473349
[debug] [2026-03-30T18:32:27.397Z] Checked if tokens are valid: true, expires at: 1774896473349
[debug] [2026-03-30T18:32:27.398Z] >>> [apiv2][query] POST https://cloudresourcemanager.googleapis.com/v1/projects/notes-7f730:testIamPermissions [none]
[debug] [2026-03-30T18:32:27.398Z] >>> [apiv2][(partial)header] POST https://cloudresourcemanager.googleapis.com/v1/projects/notes-7f730:testIamPermissions  x-goog-user-project=notes-7f730
[debug] [2026-03-30T18:32:27.398Z] >>> [apiv2][body] POST https://cloudresourcemanager.googleapis.com/v1/projects/notes-7f730:testIamPermissions {"permissions":["firebase.projects.get","firebaseextensions.instances.list"]}
[debug] [2026-03-30T18:32:28.875Z] <<< [apiv2][status] POST https://cloudresourcemanager.googleapis.com/v1/projects/notes-7f730:testIamPermissions 200
[debug] [2026-03-30T18:32:28.876Z] <<< [apiv2][body] POST https://cloudresourcemanager.googleapis.com/v1/projects/notes-7f730:testIamPermissions {"permissions":["firebase.projects.get","firebaseextensions.instances.list"]}
[debug] [2026-03-30T18:32:28.877Z] Checked if tokens are valid: true, expires at: 1774896473349
[debug] [2026-03-30T18:32:28.877Z] Checked if tokens are valid: true, expires at: 1774896473349
[debug] [2026-03-30T18:32:28.878Z] >>> [apiv2][query] GET https://firebaseextensions.googleapis.com/v1beta/projects/notes-7f730/instances pageSize=100&pageToken=
[debug] [2026-03-30T18:32:30.554Z] <<< [apiv2][status] GET https://firebaseextensions.googleapis.com/v1beta/projects/notes-7f730/instances 200
[debug] [2026-03-30T18:32:30.554Z] <<< [apiv2][body] GET https://firebaseextensions.googleapis.com/v1beta/projects/notes-7f730/instances {}
[info] i  functions: Loaded environment variables from .env. 
[info] i  functions: preparing .firebase\notes-7f730\functions directory for uploading... 
[info] i  functions: packaged D:\Projects\AI Projects\notes\.firebase\notes-7f730\functions (6.83 MB) for uploading 
[debug] [2026-03-30T18:32:33.488Z] Checked if tokens are valid: true, expires at: 1774896473349
[debug] [2026-03-30T18:32:33.488Z] Checked if tokens are valid: true, expires at: 1774896473349
[debug] [2026-03-30T18:32:33.489Z] >>> [apiv2][query] GET https://cloudfunctions.googleapis.com/v1/projects/notes-7f730/locations/-/functions [none]
[debug] [2026-03-30T18:32:34.359Z] <<< [apiv2][status] GET https://cloudfunctions.googleapis.com/v1/projects/notes-7f730/locations/-/functions 200
[debug] [2026-03-30T18:32:34.359Z] <<< [apiv2][body] GET https://cloudfunctions.googleapis.com/v1/projects/notes-7f730/locations/-/functions {}
[debug] [2026-03-30T18:32:34.360Z] Checked if tokens are valid: true, expires at: 1774896473349
[debug] [2026-03-30T18:32:34.360Z] Checked if tokens are valid: true, expires at: 1774896473349
[debug] [2026-03-30T18:32:34.361Z] >>> [apiv2][query] GET https://cloudfunctions.googleapis.com/v2/projects/notes-7f730/locations/-/functions filter=environment%3D%22GEN_2%22
[debug] [2026-03-30T18:32:36.106Z] <<< [apiv2][status] GET https://cloudfunctions.googleapis.com/v2/projects/notes-7f730/locations/-/functions 200
[debug] [2026-03-30T18:32:36.107Z] <<< [apiv2][body] GET https://cloudfunctions.googleapis.com/v2/projects/notes-7f730/locations/-/functions {"functions":[{"name":"projects/notes-7f730/locations/us-central1/functions/ssrnotes7f730","buildConfig":{"build":"projects/182440499371/locations/us-central1/builds/007ec4f3-4c57-4850-8e6c-c90b34166a5c","runtime":"nodejs20","entryPoint":"ssrnotes7f730","source":{"storageSource":{"bucket":"gcf-v2-sources-182440499371-us-central1","object":"ssrnotes7f730/function-source.zip","generation":"1774894014766547"}},"environmentVariables":{"GOOGLE_NODE_RUN_SCRIPTS":""},"dockerRepository":"projects/notes-7f730/locations/us-central1/repositories/gcf-artifacts","sourceProvenance":{"resolvedStorageSource":{"bucket":"gcf-v2-sources-182440499371-us-central1","object":"ssrnotes7f730/function-source.zip","generation":"1774894014766547"}},"dockerRegistry":"ARTIFACT_REGISTRY","serviceAccount":"projects/notes-7f730/serviceAccounts/182440499371-compute@developer.gserviceaccount.com","automaticUpdatePolicy":{}},"serviceConfig":{"service":"projects/notes-7f730/locations/us-central1/services/ssrnotes7f730","timeoutSeconds":60,"environmentVariables":{"VERCEL_URL":"notes-7f730.web.app","__FIREBASE_FRAMEWORKS_ENTRY__":"next.js","__FIREBASE_DEFAULTS__":"{\"config\":{\"projectId\":\"notes-7f730\",\"appId\":\"1:182440499371:web:e1cfce970e604e24507fee\",\"storageBucket\":\"notes-7f730.firebasestorage.app\",\"apiKey\":\"AIzaSyC5IEdOlGLeERkUvxWrUh5VKZJGrbzNuqg\",\"authDomain\":\"notes-7f730.firebaseapp.com\",\"messagingSenderId\":\"182440499371\",\"measurementId\":\"G-DZDJ18W770\",\"projectNumber\":\"182440499371\",\"version\":\"2\"},\"_authTokenSyncURL\":\"/__session\"}","FIREBASE_CONFIG":"{\"projectId\":\"notes-7f730\",\"storageBucket\":\"notes-7f730.firebasestorage.app\"}","GCLOUD_PROJECT":"notes-7f730","EVENTARC_CLOUD_EVENT_SOURCE":"projects/notes-7f730/locations/us-central1/services/ssrnotes7f730","FUNCTION_TARGET":"ssrnotes7f730","LOG_EXECUTION_ID":"true"},"maxInstanceCount":12,"ingressSettings":"ALLOW_ALL","uri":"https://ssrnotes7f730-hjvh3anmja-uc.a.run.app","serviceAccountEmail":"182440499371-compute@developer.gserviceaccount.com","availableMemory":"256Mi","allTrafficOnLatestRevision":true,"revision":"ssrnotes7f730-00002-jog","maxInstanceRequestConcurrency":80,"availableCpu":"1"},"state":"ACTIVE","updateTime":"2026-03-30T18:10:07.794989465Z","labels":{"deployment-tool":"cli-firebase","firebase-functions-codebase":"firebase-frameworks-notes-7f730","firebase-functions-hash":"667d4a1332ef5ac8258299158da5f1097b4be675"},"environment":"GEN_2","url":"https://us-central1-notes-7f730.cloudfunctions.net/ssrnotes7f730","createTime":"2026-03-30T17:51:02.439373930Z","satisfiesPzi":true}]}
[info] i  functions: ensuring required API run.googleapis.com is enabled... 
[info] i  functions: ensuring required API eventarc.googleapis.com is enabled... 
[info] i  functions: ensuring required API pubsub.googleapis.com is enabled... 
[info] i  functions: ensuring required API storage.googleapis.com is enabled... 
[info] i  functions: generating the service identity for pubsub.googleapis.com... 
[debug] [2026-03-30T18:32:36.129Z] Checked if tokens are valid: true, expires at: 1774896473349
[debug] [2026-03-30T18:32:36.129Z] Checked if tokens are valid: true, expires at: 1774896473349
[info] i  functions: generating the service identity for eventarc.googleapis.com... 
[debug] [2026-03-30T18:32:36.130Z] Checked if tokens are valid: true, expires at: 1774896473349
[debug] [2026-03-30T18:32:36.130Z] Checked if tokens are valid: true, expires at: 1774896473349
[debug] [2026-03-30T18:32:36.131Z] >>> [apiv2][query] POST https://serviceusage.googleapis.com/v1beta1/projects/182440499371/services/pubsub.googleapis.com:generateServiceIdentity [none]
[debug] [2026-03-30T18:32:36.131Z] >>> [apiv2][(partial)header] POST https://serviceusage.googleapis.com/v1beta1/projects/182440499371/services/pubsub.googleapis.com:generateServiceIdentity  x-goog-user-project=182440499371
[debug] [2026-03-30T18:32:36.131Z] >>> [apiv2][body] POST https://serviceusage.googleapis.com/v1beta1/projects/182440499371/services/pubsub.googleapis.com:generateServiceIdentity {}
[debug] [2026-03-30T18:32:36.134Z] >>> [apiv2][query] POST https://serviceusage.googleapis.com/v1beta1/projects/182440499371/services/eventarc.googleapis.com:generateServiceIdentity [none]
[debug] [2026-03-30T18:32:36.134Z] >>> [apiv2][(partial)header] POST https://serviceusage.googleapis.com/v1beta1/projects/182440499371/services/eventarc.googleapis.com:generateServiceIdentity  x-goog-user-project=182440499371
[debug] [2026-03-30T18:32:36.134Z] >>> [apiv2][body] POST https://serviceusage.googleapis.com/v1beta1/projects/182440499371/services/eventarc.googleapis.com:generateServiceIdentity {}
[debug] [2026-03-30T18:32:38.140Z] <<< [apiv2][status] POST https://serviceusage.googleapis.com/v1beta1/projects/182440499371/services/pubsub.googleapis.com:generateServiceIdentity 200
[debug] [2026-03-30T18:32:38.140Z] <<< [apiv2][body] POST https://serviceusage.googleapis.com/v1beta1/projects/182440499371/services/pubsub.googleapis.com:generateServiceIdentity {"name":"operations/finished.DONE_OPERATION","done":true,"response":{"@type":"type.googleapis.com/google.api.serviceusage.v1beta1.ServiceIdentity","email":"service-182440499371@gcp-sa-pubsub.iam.gserviceaccount.com","uniqueId":"113111306276218404169"}}
[debug] [2026-03-30T18:32:38.141Z] <<< [apiv2][status] POST https://serviceusage.googleapis.com/v1beta1/projects/182440499371/services/eventarc.googleapis.com:generateServiceIdentity 200
[debug] [2026-03-30T18:32:38.142Z] <<< [apiv2][body] POST https://serviceusage.googleapis.com/v1beta1/projects/182440499371/services/eventarc.googleapis.com:generateServiceIdentity {"name":"operations/finished.DONE_OPERATION","done":true,"response":{"@type":"type.googleapis.com/google.api.serviceusage.v1beta1.ServiceIdentity","email":"service-182440499371@gcp-sa-eventarc.iam.gserviceaccount.com","uniqueId":"102810103775592244363"}}
[debug] [2026-03-30T18:32:38.149Z] Checked if tokens are valid: true, expires at: 1774896473349
[debug] [2026-03-30T18:32:38.149Z] Checked if tokens are valid: true, expires at: 1774896473349
[debug] [2026-03-30T18:32:38.149Z] >>> [apiv2][query] GET https://cloudresourcemanager.googleapis.com/v1/projects/notes-7f730 [none]
[debug] [2026-03-30T18:32:39.671Z] <<< [apiv2][status] GET https://cloudresourcemanager.googleapis.com/v1/projects/notes-7f730 200
[debug] [2026-03-30T18:32:39.671Z] <<< [apiv2][body] GET https://cloudresourcemanager.googleapis.com/v1/projects/notes-7f730 {"projectNumber":"182440499371","projectId":"notes-7f730","lifecycleState":"ACTIVE","name":"notes","labels":{"firebase":"enabled","firebase-core":"disabled"},"createTime":"2026-03-24T10:51:52.466Z"}
[debug] [2026-03-30T18:32:39.672Z] Checked if tokens are valid: true, expires at: 1774896473349
[debug] [2026-03-30T18:32:39.672Z] Checked if tokens are valid: true, expires at: 1774896473349
[debug] [2026-03-30T18:32:39.672Z] >>> [apiv2][query] GET https://compute.googleapis.com/compute/v1/projects/182440499371 [none]
[debug] [2026-03-30T18:32:40.181Z] <<< [apiv2][status] GET https://compute.googleapis.com/compute/v1/projects/182440499371 403
[debug] [2026-03-30T18:32:40.182Z] <<< [apiv2][body] GET https://compute.googleapis.com/compute/v1/projects/182440499371 {"error":{"code":403,"message":"Compute Engine API has not been used in project 182440499371 before or it is disabled. Enable it by visiting https://console.developers.google.com/apis/api/compute.googleapis.com/overview?project=182440499371 then retry. If you enabled this API recently, wait a few minutes for the action to propagate to our systems and retry.","errors":[{"message":"Compute Engine API has not been used in project 182440499371 before or it is disabled. Enable it by visiting https://console.developers.google.com/apis/api/compute.googleapis.com/overview?project=182440499371 then retry. If you enabled this API recently, wait a few minutes for the action to propagate to our systems and retry.","domain":"usageLimits","reason":"accessNotConfigured","extendedHelp":"https://console.developers.google.com"}],"status":"PERMISSION_DENIED","details":[{"@type":"type.googleapis.com/google.rpc.ErrorInfo","reason":"SERVICE_DISABLED","domain":"googleapis.com","metadata":{"activationUrl":"https://console.developers.google.com/apis/api/compute.googleapis.com/overview?project=182440499371","consumer":"projects/182440499371","service":"compute.googleapis.com","serviceTitle":"Compute Engine API","containerInfo":"182440499371"}},{"@type":"type.googleapis.com/google.rpc.LocalizedMessage","locale":"en-US","message":"Compute Engine API has not been used in project 182440499371 before or it is disabled. Enable it by visiting https://console.developers.google.com/apis/api/compute.googleapis.com/overview?project=182440499371 then retry. If you enabled this API recently, wait a few minutes for the action to propagate to our systems and retry."},{"@type":"type.googleapis.com/google.rpc.Help","links":[{"description":"Google developers console API activation","url":"https://console.developers.google.com/apis/api/compute.googleapis.com/overview?project=182440499371"}]}]}}
[debug] [2026-03-30T18:32:40.184Z] unable to look up default compute service account. Falling back to 182440499371-compute@developer.gserviceaccount.com. Error: {"name":"FirebaseError","children":[],"context":{"body":{"error":{"code":403,"message":"Compute Engine API has not been used in project 182440499371 before or it is disabled. Enable it by visiting https://console.developers.google.com/apis/api/compute.googleapis.com/overview?project=182440499371 then retry. If you enabled this API recently, wait a few minutes for the action to propagate to our systems and retry.","errors":[{"message":"Compute Engine API has not been used in project 182440499371 before or it is disabled. Enable it by visiting https://console.developers.google.com/apis/api/compute.googleapis.com/overview?project=182440499371 then retry. If you enabled this API recently, wait a few minutes for the action to propagate to our systems and retry.","domain":"usageLimits","reason":"accessNotConfigured","extendedHelp":"https://console.developers.google.com"}],"status":"PERMISSION_DENIED","details":[{"@type":"type.googleapis.com/google.rpc.ErrorInfo","reason":"SERVICE_DISABLED","domain":"googleapis.com","metadata":{"activationUrl":"https://console.developers.google.com/apis/api/compute.googleapis.com/overview?project=182440499371","consumer":"projects/182440499371","service":"compute.googleapis.com","serviceTitle":"Compute Engine API","containerInfo":"182440499371"}},{"@type":"type.googleapis.com/google.rpc.LocalizedMessage","locale":"en-US","message":"Compute Engine API has not been used in project 182440499371 before or it is disabled. Enable it by visiting https://console.developers.google.com/apis/api/compute.googleapis.com/overview?project=182440499371 then retry. If you enabled this API recently, wait a few minutes for the action to propagate to our systems and retry."},{"@type":"type.googleapis.com/google.rpc.Help","links":[{"description":"Google developers console API activation","url":"https://console.developers.google.com/apis/api/compute.googleapis.com/overview?project=182440499371"}]}]}},"response":{"statusCode":403}},"exit":1,"message":"Request to https://compute.googleapis.com/compute/v1/projects/182440499371 had HTTP Error: 403, Compute Engine API has not been used in project 182440499371 before or it is disabled. Enable it by visiting https://console.developers.google.com/apis/api/compute.googleapis.com/overview?project=182440499371 then retry. If you enabled this API recently, wait a few minutes for the action to propagate to our systems and retry.","status":403}
[info] i  firestore: ensuring required API firestore.googleapis.com is enabled... 
[info] i  firestore: ensuring required API firestore.googleapis.com is enabled... 
[debug] [2026-03-30T18:32:40.192Z] Checked if tokens are valid: true, expires at: 1774896473349
[debug] [2026-03-30T18:32:40.192Z] Checked if tokens are valid: true, expires at: 1774896473349
[debug] [2026-03-30T18:32:40.193Z] >>> [apiv2][query] GET https://firestore.googleapis.com/v1/projects/notes-7f730/databases/(default) [none]
[debug] [2026-03-30T18:32:40.491Z] <<< [apiv2][status] GET https://firestore.googleapis.com/v1/projects/notes-7f730/databases/(default) 200
[debug] [2026-03-30T18:32:40.491Z] <<< [apiv2][body] GET https://firestore.googleapis.com/v1/projects/notes-7f730/databases/(default) {"name":"projects/notes-7f730/databases/(default)","uid":"d2231ef8-5daf-404e-a4e9-389f5727a7be","createTime":"2026-03-24T11:33:47.112552Z","updateTime":"2026-03-24T11:33:47.112552Z","locationId":"asia-south1","type":"FIRESTORE_NATIVE","concurrencyMode":"PESSIMISTIC","versionRetentionPeriod":"3600s","earliestVersionTime":"2026-03-30T17:32:39.304556Z","appEngineIntegrationMode":"DISABLED","keyPrefix":"j","pointInTimeRecoveryEnablement":"POINT_IN_TIME_RECOVERY_DISABLED","deleteProtectionState":"DELETE_PROTECTION_DISABLED","databaseEdition":"STANDARD","freeTier":true,"realtimeUpdatesMode":"REALTIME_UPDATES_MODE_ENABLED","etag":"IM3FzZqhyJMDMLvkxbO4uJMD"}
[info] i  firestore: reading indexes from firestore.indexes.json... 
[info] i  cloud.firestore: checking firestore.rules for compilation errors... 
[debug] [2026-03-30T18:32:40.526Z] Checked if tokens are valid: true, expires at: 1774896473349
[debug] [2026-03-30T18:32:40.526Z] Checked if tokens are valid: true, expires at: 1774896473349
[debug] [2026-03-30T18:32:40.526Z] >>> [apiv2][query] POST https://firebaserules.googleapis.com/v1/projects/notes-7f730:test [none]
[debug] [2026-03-30T18:32:40.526Z] >>> [apiv2][body] POST https://firebaserules.googleapis.com/v1/projects/notes-7f730:test [omitted]
[debug] [2026-03-30T18:32:42.219Z] <<< [apiv2][status] POST https://firebaserules.googleapis.com/v1/projects/notes-7f730:test 200
[debug] [2026-03-30T18:32:42.220Z] <<< [apiv2][body] POST https://firebaserules.googleapis.com/v1/projects/notes-7f730:test {}
[info] +  cloud.firestore: rules file firestore.rules compiled successfully 
[debug] [2026-03-30T18:32:42.230Z] Checked if tokens are valid: true, expires at: 1774896473349
[debug] [2026-03-30T18:32:42.231Z] Checked if tokens are valid: true, expires at: 1774896473349
[debug] [2026-03-30T18:32:42.231Z] >>> [apiv2][query] POST https://firebasehosting.googleapis.com/v1beta1/projects/-/sites/notes-7f730/versions [none]
[debug] [2026-03-30T18:32:42.231Z] >>> [apiv2][body] POST https://firebasehosting.googleapis.com/v1beta1/projects/-/sites/notes-7f730/versions {"status":"CREATED","labels":{"deployment-tool":"cli-firebase","firebase-web-framework":"next_ssr"}}
[debug] [2026-03-30T18:32:43.862Z] <<< [apiv2][status] POST https://firebasehosting.googleapis.com/v1beta1/projects/-/sites/notes-7f730/versions 200
[debug] [2026-03-30T18:32:43.862Z] <<< [apiv2][body] POST https://firebasehosting.googleapis.com/v1beta1/projects/-/sites/notes-7f730/versions {"name":"projects/182440499371/sites/notes-7f730/versions/9a9fc96c8d7db857","status":"CREATED","config":{},"labels":{"deployment-tool":"cli-firebase","firebase-web-framework":"next_ssr"}}
[debug] [2026-03-30T18:32:43.866Z] Checked if tokens are valid: true, expires at: 1774896473349
[debug] [2026-03-30T18:32:43.866Z] Checked if tokens are valid: true, expires at: 1774896473349
[debug] [2026-03-30T18:32:43.866Z] >>> [apiv2][query] GET https://cloudbilling.googleapis.com/v1/projects/notes-7f730/billingInfo [none]
[debug] [2026-03-30T18:32:44.734Z] <<< [apiv2][status] GET https://cloudbilling.googleapis.com/v1/projects/notes-7f730/billingInfo 200
[debug] [2026-03-30T18:32:44.734Z] <<< [apiv2][body] GET https://cloudbilling.googleapis.com/v1/projects/notes-7f730/billingInfo {"name":"projects/notes-7f730/billingInfo","projectId":"notes-7f730","billingAccountName":"billingAccounts/01224D-6B68D2-B30770","billingEnabled":true}
[debug] [2026-03-30T18:32:44.738Z] Checked if tokens are valid: true, expires at: 1774896473349
[debug] [2026-03-30T18:32:44.738Z] Checked if tokens are valid: true, expires at: 1774896473349
[debug] [2026-03-30T18:32:44.738Z] >>> [apiv2][query] POST https://cloudfunctions.googleapis.com/v2/projects/notes-7f730/locations/us-central1/functions:generateUploadUrl [none]
[debug] [2026-03-30T18:32:46.322Z] <<< [apiv2][status] POST https://cloudfunctions.googleapis.com/v2/projects/notes-7f730/locations/us-central1/functions:generateUploadUrl 200
[debug] [2026-03-30T18:32:46.323Z] <<< [apiv2][body] POST https://cloudfunctions.googleapis.com/v2/projects/notes-7f730/locations/us-central1/functions:generateUploadUrl {"uploadUrl":"https://storage.googleapis.com/gcf-v2-uploads-182440499371.us-central1.cloudfunctions.appspot.com/e59415b8-823a-4362-93c2-cbc8a69f609d.zip?GoogleAccessId=service-182440499371@gcf-admin-robot.iam.gserviceaccount.com&Expires=1774897365&Signature=NyNh4%2FmvfLWEq4BGqoyl5O4TkXJTKTNMtaYGc%2BUiuKCmlOPdpjtPX5T9tjg65HQAuaqTiDqLPKGCslLldRpudCCpPJswFmf%2FqzXyo1p2IC5bSHcDXQcb4GmbV52K8LuPVdN8GJxfjf1v%2FBHnR0jnoFs6UWCEUO9NLDeUPgpH1qQtkYaz5XTEZWflji0Wi3fhzRMI%2Bml1xl2rx0lluxAsty7dY8p1I5jj5N3%2FCK%2Bg3aBOaaXJL1Uqy%2FGBF9BZIFTr2Fyq63VL4WkOqMcErSqqBt7Lr77vfALLgFFEpprQrceCY5Eb5cCiiqa7LiaGt%2FD92paSx92JMT9wFyn6KYUUHg%3D%3D","storageSource":{"bucket":"gcf-v2-uploads-182440499371.us-central1.cloudfunctions.appspot.com","object":"e59415b8-823a-4362-93c2-cbc8a69f609d.zip"}}
[debug] [2026-03-30T18:32:46.325Z] >>> [apiv2][query] PUT https://storage.googleapis.com/gcf-v2-uploads-182440499371.us-central1.cloudfunctions.appspot.com/e59415b8-823a-4362-93c2-cbc8a69f609d.zip GoogleAccessId=service-182440499371%40gcf-admin-robot.iam.gserviceaccount.com&Expires=1774897365&Signature=NyNh4%2FmvfLWEq4BGqoyl5O4TkXJTKTNMtaYGc%2BUiuKCmlOPdpjtPX5T9tjg65HQAuaqTiDqLPKGCslLldRpudCCpPJswFmf%2FqzXyo1p2IC5bSHcDXQcb4GmbV52K8LuPVdN8GJxfjf1v%2FBHnR0jnoFs6UWCEUO9NLDeUPgpH1qQtkYaz5XTEZWflji0Wi3fhzRMI%2Bml1xl2rx0lluxAsty7dY8p1I5jj5N3%2FCK%2Bg3aBOaaXJL1Uqy%2FGBF9BZIFTr2Fyq63VL4WkOqMcErSqqBt7Lr77vfALLgFFEpprQrceCY5Eb5cCiiqa7LiaGt%2FD92paSx92JMT9wFyn6KYUUHg%3D%3D
[debug] [2026-03-30T18:32:46.325Z] >>> [apiv2][body] PUT https://storage.googleapis.com/gcf-v2-uploads-182440499371.us-central1.cloudfunctions.appspot.com/e59415b8-823a-4362-93c2-cbc8a69f609d.zip [stream]
[debug] [2026-03-30T18:32:50.629Z] <<< [apiv2][status] PUT https://storage.googleapis.com/gcf-v2-uploads-182440499371.us-central1.cloudfunctions.appspot.com/e59415b8-823a-4362-93c2-cbc8a69f609d.zip 200
[debug] [2026-03-30T18:32:50.630Z] <<< [apiv2][body] PUT https://storage.googleapis.com/gcf-v2-uploads-182440499371.us-central1.cloudfunctions.appspot.com/e59415b8-823a-4362-93c2-cbc8a69f609d.zip [omitted]
[info] +  functions: .firebase\notes-7f730\functions source uploaded successfully 
[debug] [2026-03-30T18:32:50.633Z] Checked if tokens are valid: true, expires at: 1774896473349
[debug] [2026-03-30T18:32:50.633Z] Checked if tokens are valid: true, expires at: 1774896473349
[debug] [2026-03-30T18:32:50.634Z] >>> [apiv2][query] GET https://firebaserules.googleapis.com/v1/projects/notes-7f730/releases pageSize=10&pageToken=
[debug] [2026-03-30T18:32:52.164Z] <<< [apiv2][status] GET https://firebaserules.googleapis.com/v1/projects/notes-7f730/releases 200
[debug] [2026-03-30T18:32:52.165Z] <<< [apiv2][body] GET https://firebaserules.googleapis.com/v1/projects/notes-7f730/releases {"releases":[{"name":"projects/notes-7f730/releases/cloud.firestore","rulesetName":"projects/notes-7f730/rulesets/582b4dec-89c2-497d-8637-6e99e49876ae","createTime":"2026-03-24T11:33:50.862678Z","updateTime":"2026-03-30T18:10:13.243214Z"},{"name":"projects/notes-7f730/releases/firebase.storage/notes-7f730.firebasestorage.app","rulesetName":"projects/notes-7f730/rulesets/17d3bc4a-4a66-44f9-996f-c1f361bde30e","createTime":"2026-03-30T15:02:38.612420Z","updateTime":"2026-03-30T15:02:38.612420Z"}]}
[debug] [2026-03-30T18:32:52.217Z] Checked if tokens are valid: true, expires at: 1774896473349
[debug] [2026-03-30T18:32:52.217Z] Checked if tokens are valid: true, expires at: 1774896473349
[debug] [2026-03-30T18:32:52.217Z] >>> [apiv2][query] GET https://firebaserules.googleapis.com/v1/projects/notes-7f730/rulesets/582b4dec-89c2-497d-8637-6e99e49876ae [none]
[debug] [2026-03-30T18:32:52.578Z] <<< [apiv2][status] GET https://firebaserules.googleapis.com/v1/projects/notes-7f730/rulesets/582b4dec-89c2-497d-8637-6e99e49876ae 200
[debug] [2026-03-30T18:32:52.579Z] <<< [apiv2][body] GET https://firebaserules.googleapis.com/v1/projects/notes-7f730/rulesets/582b4dec-89c2-497d-8637-6e99e49876ae [omitted]
[info] i  firestore: latest version of firestore.rules already up to date, skipping upload... 
[info] i  firestore: deploying indexes... 
[debug] [2026-03-30T18:32:52.591Z] Checked if tokens are valid: true, expires at: 1774896473349
[debug] [2026-03-30T18:32:52.592Z] Checked if tokens are valid: true, expires at: 1774896473349
[debug] [2026-03-30T18:32:52.592Z] >>> [apiv2][query] GET https://firestore.googleapis.com/v1/projects/notes-7f730/databases/(default)/collectionGroups/-/indexes [none]
[debug] [2026-03-30T18:32:52.750Z] <<< [apiv2][status] GET https://firestore.googleapis.com/v1/projects/notes-7f730/databases/(default)/collectionGroups/-/indexes 200
[debug] [2026-03-30T18:32:52.751Z] <<< [apiv2][body] GET https://firestore.googleapis.com/v1/projects/notes-7f730/databases/(default)/collectionGroups/-/indexes {"indexes":[{"name":"projects/notes-7f730/databases/(default)/collectionGroups/notes/indexes/CICAgOjXh4EJ","queryScope":"COLLECTION","fields":[{"fieldPath":"habitId","order":"ASCENDING"},{"fieldPath":"userId","order":"ASCENDING"},{"fieldPath":"date","order":"ASCENDING"},{"fieldPath":"__name__","order":"ASCENDING"}],"state":"READY","density":"SPARSE_ALL"},{"name":"projects/notes-7f730/databases/(default)/collectionGroups/notes/indexes/CICAgJim14AK","queryScope":"COLLECTION","fields":[{"fieldPath":"goalId","order":"ASCENDING"},{"fieldPath":"userId","order":"ASCENDING"},{"fieldPath":"date","order":"ASCENDING"},{"fieldPath":"__name__","order":"ASCENDING"}],"state":"READY","density":"SPARSE_ALL"},{"name":"projects/notes-7f730/databases/(default)/collectionGroups/habits/indexes/CICAgOjXh4EK","queryScope":"COLLECTION","fields":[{"fieldPath":"status","order":"ASCENDING"},{"fieldPath":"userId","order":"ASCENDING"},{"fieldPath":"createdAt","order":"DESCENDING"},{"fieldPath":"__name__","order":"DESCENDING"}],"state":"READY","density":"SPARSE_ALL"},{"name":"projects/notes-7f730/databases/(default)/collectionGroups/goals/indexes/CICAgJiUpoMK","queryScope":"COLLECTION","fields":[{"fieldPath":"status","order":"ASCENDING"},{"fieldPath":"userId","order":"ASCENDING"},{"fieldPath":"createdAt","order":"DESCENDING"},{"fieldPath":"__name__","order":"DESCENDING"}],"state":"READY","density":"SPARSE_ALL"}]}
[debug] [2026-03-30T18:32:52.751Z] Checked if tokens are valid: true, expires at: 1774896473349
[debug] [2026-03-30T18:32:52.751Z] Checked if tokens are valid: true, expires at: 1774896473349
[debug] [2026-03-30T18:32:52.752Z] >>> [apiv2][query] GET https://firestore.googleapis.com/v1/projects/notes-7f730/databases/(default)/collectionGroups/-/fields?filter=indexConfig.usesAncestorConfig=false OR ttlConfig:* [none]
[debug] [2026-03-30T18:32:52.880Z] <<< [apiv2][status] GET https://firestore.googleapis.com/v1/projects/notes-7f730/databases/(default)/collectionGroups/-/fields?filter=indexConfig.usesAncestorConfig=false OR ttlConfig:* 200
[debug] [2026-03-30T18:32:52.880Z] <<< [apiv2][body] GET https://firestore.googleapis.com/v1/projects/notes-7f730/databases/(default)/collectionGroups/-/fields?filter=indexConfig.usesAncestorConfig=false OR ttlConfig:* {"fields":[{"name":"projects/notes-7f730/databases/(default)/collectionGroups/__default__/fields/*","indexConfig":{"indexes":[{"queryScope":"COLLECTION","fields":[{"fieldPath":"*","order":"ASCENDING"}],"state":"READY"},{"queryScope":"COLLECTION","fields":[{"fieldPath":"*","order":"DESCENDING"}],"state":"READY"},{"queryScope":"COLLECTION","fields":[{"fieldPath":"*","arrayConfig":"CONTAINS"}],"state":"READY"}]}}]}
[debug] [2026-03-30T18:32:52.881Z] Checked if tokens are valid: true, expires at: 1774896473349
[debug] [2026-03-30T18:32:52.881Z] Checked if tokens are valid: true, expires at: 1774896473349
[debug] [2026-03-30T18:32:52.881Z] >>> [apiv2][query] GET https://firestore.googleapis.com/v1/projects/notes-7f730/databases/(default) [none]
[debug] [2026-03-30T18:32:52.953Z] <<< [apiv2][status] GET https://firestore.googleapis.com/v1/projects/notes-7f730/databases/(default) 200
[debug] [2026-03-30T18:32:52.953Z] <<< [apiv2][body] GET https://firestore.googleapis.com/v1/projects/notes-7f730/databases/(default) {"name":"projects/notes-7f730/databases/(default)","uid":"d2231ef8-5daf-404e-a4e9-389f5727a7be","createTime":"2026-03-24T11:33:47.112552Z","updateTime":"2026-03-24T11:33:47.112552Z","locationId":"asia-south1","type":"FIRESTORE_NATIVE","concurrencyMode":"PESSIMISTIC","versionRetentionPeriod":"3600s","earliestVersionTime":"2026-03-30T17:32:51.844685Z","appEngineIntegrationMode":"DISABLED","keyPrefix":"j","pointInTimeRecoveryEnablement":"POINT_IN_TIME_RECOVERY_DISABLED","deleteProtectionState":"DELETE_PROTECTION_DISABLED","databaseEdition":"STANDARD","freeTier":true,"realtimeUpdatesMode":"REALTIME_UPDATES_MODE_ENABLED","etag":"ILP3yqChyJMDMLvkxbO4uJMD"}
[info] i  firestore: The following indexes are defined in your project but are not present in your firestore indexes file:
	(notes) -- (habitId,ASCENDING) (userId,ASCENDING) (date,ASCENDING)  -- Density:SPARSE_ALL 
	(notes) -- (goalId,ASCENDING) (userId,ASCENDING) (date,ASCENDING)  -- Density:SPARSE_ALL 
	(habits) -- (status,ASCENDING) (userId,ASCENDING) (createdAt,DESCENDING)  -- Density:SPARSE_ALL 
	(goals) -- (status,ASCENDING) (userId,ASCENDING) (createdAt,DESCENDING)  -- Density:SPARSE_ALL  
[debug] [2026-03-30T18:36:53.182Z] ExitPromptError: User force closed the prompt with SIGINT
    at Interface.sigint (D:\Projects\AI Projects\notes\node_modules\@inquirer\core\dist\commonjs\lib\create-prompt.js:101:37)
    at Interface.emit (node:events:508:28)
    at [_ttyWrite] [as _ttyWrite] (node:internal/readline/interface:1327:18)
    at ReadStream.onkeypress (node:internal/readline/interface:284:20)
    at ReadStream.emit (node:events:520:35)
    at emitKeys (node:internal/readline/utils:371:14)
    at emitKeys.next (<anonymous>)
    at ReadStream.onData (node:internal/readline/emitKeypressEvents:64:36)
    at ReadStream.emit (node:events:508:28)
    at addChunk (node:internal/streams/readable:563:12)
[error] 
[error] Error: An unexpected error has occurred.
